<?xml version="1.0" encoding="UTF-8" standalone="yes"?><!DOCTYPE report PUBLIC "-//JACOCO//DTD Report 1.1//EN" "report.dtd"><report name="projetQualyM"><sessioninfo id="LAPTOP-6B799E58-b9a0f619" start="1679057148523" dump="1679057150993"/><sessioninfo id="LAPTOP-6B799E58-1ea48952" start="1679057171709" dump="1679057173866"/><sessioninfo id="LAPTOP-6B799E58-84d803f9" start="1679057649624" dump="1679057651448"/><sessioninfo id="LAPTOP-6B799E58-920b0dee" start="1679057669254" dump="1679057671169"/><sessioninfo id="LAPTOP-6B799E58-2116d689" start="1679058576760" dump="1679058579406"/></report>